<?xml version="1.0" encoding="UTF-8"?>
<testsuite xmlns:xsi="http://www.w3.org/2001/XMLSchema-instance" xsi:noNamespaceSchemaLocation="https://maven.apache.org/surefire/maven-surefire-plugin/xsd/surefire-test-report-3.0.xsd" version="3.0" name="de.telekom.supersite.SuperTest" time="32.069" tests="1" errors="0" skipped="0" failures="0">
  <properties>
[...]
</properties>
  <testcase name="userCanSearchAnyKeyword" classname="de.telekom.supersite.SuperTest" time="29.928">
    <system-out><![CDATA[Target Host: 172.17.0.2
]]></system-out>
    <system-err><![CDATA[SLF4J: Class path contains multiple SLF4J bindings.
SLF4J: Found binding in [jar:file:/C:/Users/avikhrov/.m2/repository/org/slf4j/slf4j-simple/1.7.31/slf4j-simple-1.7.31.jar!/org/slf4j/impl/StaticLoggerBinder.class]
SLF4J: Found binding in [jar:file:/C:/Users/avikhrov/.m2/repository/org/apache/logging/log4j/log4j-slf4j-impl/2.13.1/log4j-slf4j-impl-2.13.1.jar!/org/slf4j/impl/StaticLoggerBinder.class]
SLF4J: See http://www.slf4j.org/codes.html#multiple_bindings for an explanation.
SLF4J: Actual binding is of type [org.slf4j.impl.SimpleLoggerFactory]
[main] INFO com.codeborne.selenide.impl.WebDriverThreadLocalContainer - No webdriver is bound to current thread: 1 - let's create a new webdriver
нояб. 30, 2021 5:38:12 PM org.openqa.selenium.remote.ProtocolHandshake createSession
INFO: Detected dialect: W3C
[main] INFO com.codeborne.selenide.webdriver.BrowserResizer - Set browser size to 1366x768
[main] INFO com.codeborne.selenide.webdriver.WebDriverFactory - BrowserName=chrome Version=91.0.4472.114 Platform=LINUX
[main] INFO com.codeborne.selenide.webdriver.WebDriverFactory - Selenide v. 5.22.3
[main] INFO com.codeborne.selenide.webdriver.WebDriverFactory - Selenium WebDriver v. 3.141.59 build time: 2018-11-14T08:17:03
[main] INFO com.codeborne.selenide.drivercommands.CreateDriverCommand - Create webdriver in current thread 1: RemoteWebDriver -> RemoteWebDriver: chrome on LINUX (f3662c61156a866c3d983b73788d771a)
]]></system-err>
  </testcase>
</testsuite>